<?xml version="1.0" encoding="UTF-8"?>
<testng-results skipped="0" failed="0" total="1" passed="1">
  <reporter-output>
  </reporter-output>
  <suite name="Default suite" duration-ms="63248" started-at="2016-10-15T11:22:04Z" finished-at="2016-10-15T11:23:07Z">
    <groups>
    </groups>
    <test name="Default test" duration-ms="63248" started-at="2016-10-15T11:22:04Z" finished-at="2016-10-15T11:23:07Z">
      <class name="testCases.TestScript6">
        <test-method status="PASS" signature="setup()[pri:0, instance:testCases.TestScript6@4678c730]" name="setup" is-config="true" duration-ms="8103" started-at="2016-10-15T19:22:04Z" finished-at="2016-10-15T19:22:12Z">
          <reporter-output>
          </reporter-output>
        </test-method> <!-- setup -->
        <test-method status="PASS" signature="reloadWishList()[pri:0, instance:testCases.TestScript6@4678c730]" name="reloadWishList" is-config="true" duration-ms="12308" started-at="2016-10-15T19:22:12Z" finished-at="2016-10-15T19:22:25Z">
          <reporter-output>
          </reporter-output>
        </test-method> <!-- reloadWishList -->
        <test-method status="PASS" signature="purchase()[pri:0, instance:testCases.TestScript6@4678c730]" name="purchase" duration-ms="28270" started-at="2016-10-15T19:22:25Z" finished-at="2016-10-15T19:22:53Z">
          <reporter-output>
          </reporter-output>
        </test-method> <!-- purchase -->
        <test-method status="PASS" signature="clearWishList()[pri:0, instance:testCases.TestScript6@4678c730]" name="clearWishList" is-config="true" duration-ms="14540" started-at="2016-10-15T19:22:53Z" finished-at="2016-10-15T19:23:07Z">
          <reporter-output>
          </reporter-output>
        </test-method> <!-- clearWishList -->
      </class> <!-- testCases.TestScript6 -->
    </test> <!-- Default test -->
  </suite> <!-- Default suite -->
</testng-results>
